[    1198ms] [ERROR] The Content-Security-Policy directive 'default-src' contains the keyword 'none' alongside with other source expressions. The keyword 'none' must be the only source expression in the directive value, otherwise it is ignored. @ https://ap-southeast-2.signin.aws.amazon.com/oauth?client_id=arn%3Aaws%3Asignin%3A%3A%3Aconsole%2Fcanvas&code_challenge=mT3pP2QhHziASX0s9EzTNsk68og8_xW4fHCRtI94KS4&code_challenge_method=SHA-256&response_type=code&redirect_uri=https%3A%2F%2Fconsole.aws.amazon.com%2Fconsole%2Fhome%3Fca-oauth-flow-id%3Df8b9%26hashArgs%3D%2523%26isauthcode%3Dtrue%26state%3DhashArgsFromTB_ap-southeast-2_aaf87b7e5884de7b:0
[  294445ms] [ERROR] M: BAD_REQUEST
    at i (https://ap-southeast-2.signin.aws.amazon.com/v2/assets/_next/static/chunks/8166-4741b7643cc9272c.js:1:2075)
    at async Object.mutationFn (https://ap-southeast-2.signin.aws.amazon.com/v2/assets/_next/static/chunks/2287-d2e2bed46b49c58a.js:1:8629) @ https://ap-southeast-2.signin.aws.amazon.com/v2/assets/_next/static/chunks/pages/_app-5bafe71b6e59bc76.js:9
[  323319ms] [ERROR] Failed to load resource: the server responded with a status of 400 () @ https://ce.us-east-1.amazonaws.com/:0
[  323330ms] [ERROR] Failed to load resource: the server responded with a status of 400 () @ https://ce.us-east-1.amazonaws.com/:0
[  323331ms] [ERROR] Failed to load resource: the server responded with a status of 400 () @ https://ce.us-east-1.amazonaws.com/:0
[  426543ms] [WARNING] Event does not contain a MessageChannel port, therefore unable to call postMessage with errorType: INVALID_REQUEST @ https://global.console.aws.amazon.com/lotus/csp/@amzn/aws-paddy-nav-widget/1/iFrame.html?packageName=%40amzn%2Faws-paddy-nav-widget&majorVersion=1&versionId=799f514f-1ada-4460-9fbe-cadd87bb80c9:119
[  426544ms] [WARNING] Event does not contain a MessageChannel port, therefore unable to call postMessage with errorType: INVALID_REQUEST @ https://global.console.aws.amazon.com/lotus/csp/@amzn/awsconsole-concierge-search-lotus/2/iFrame.html?versionId=18:119
[  462267ms] [WARNING] Event does not contain a MessageChannel port, therefore unable to call postMessage with errorType: INVALID_REQUEST @ https://global.console.aws.amazon.com/lotus/csp/@amzn/aws-paddy-nav-widget/1/iFrame.html?packageName=%40amzn%2Faws-paddy-nav-widget&majorVersion=1&versionId=799f514f-1ada-4460-9fbe-cadd87bb80c9:119
[  462268ms] [WARNING] Event does not contain a MessageChannel port, therefore unable to call postMessage with errorType: INVALID_REQUEST @ https://global.console.aws.amazon.com/lotus/csp/@amzn/awsconsole-concierge-search-lotus/2/iFrame.html?versionId=18:119
[  465610ms] [WARNING] Event does not contain a MessageChannel port, therefore unable to call postMessage with errorType: INVALID_REQUEST @ https://global.console.aws.amazon.com/lotus/csp/@amzn/aws-paddy-nav-widget/1/iFrame.html?packageName=%40amzn%2Faws-paddy-nav-widget&majorVersion=1&versionId=799f514f-1ada-4460-9fbe-cadd87bb80c9:119
[  465610ms] [WARNING] Event does not contain a MessageChannel port, therefore unable to call postMessage with errorType: INVALID_REQUEST @ https://global.console.aws.amazon.com/lotus/csp/@amzn/awsconsole-concierge-search-lotus/2/iFrame.html?versionId=18:119
[  466662ms] [WARNING] Event does not contain a MessageChannel port, therefore unable to call postMessage with errorType: INVALID_REQUEST @ https://global.console.aws.amazon.com/lotus/csp/@amzn/aws-paddy-nav-widget/1/iFrame.html?packageName=%40amzn%2Faws-paddy-nav-widget&majorVersion=1&versionId=799f514f-1ada-4460-9fbe-cadd87bb80c9:119
[  466663ms] [WARNING] Event does not contain a MessageChannel port, therefore unable to call postMessage with errorType: INVALID_REQUEST @ https://global.console.aws.amazon.com/lotus/csp/@amzn/awsconsole-concierge-search-lotus/2/iFrame.html?versionId=18:119
[  472707ms] [WARNING] Event does not contain a MessageChannel port, therefore unable to call postMessage with errorType: INVALID_REQUEST @ https://global.console.aws.amazon.com/lotus/csp/@amzn/aws-paddy-nav-widget/1/iFrame.html?packageName=%40amzn%2Faws-paddy-nav-widget&majorVersion=1&versionId=799f514f-1ada-4460-9fbe-cadd87bb80c9:119
[  472707ms] [WARNING] Event does not contain a MessageChannel port, therefore unable to call postMessage with errorType: INVALID_REQUEST @ https://global.console.aws.amazon.com/lotus/csp/@amzn/awsconsole-concierge-search-lotus/2/iFrame.html?versionId=18:119
[  475123ms] [WARNING] Event does not contain a MessageChannel port, therefore unable to call postMessage with errorType: INVALID_REQUEST @ https://global.console.aws.amazon.com/lotus/csp/@amzn/aws-paddy-nav-widget/1/iFrame.html?packageName=%40amzn%2Faws-paddy-nav-widget&majorVersion=1&versionId=799f514f-1ada-4460-9fbe-cadd87bb80c9:119
[  475124ms] [WARNING] Event does not contain a MessageChannel port, therefore unable to call postMessage with errorType: INVALID_REQUEST @ https://global.console.aws.amazon.com/lotus/csp/@amzn/awsconsole-concierge-search-lotus/2/iFrame.html?versionId=18:119
[  479224ms] [WARNING] Event does not contain a MessageChannel port, therefore unable to call postMessage with errorType: INVALID_REQUEST @ https://global.console.aws.amazon.com/lotus/csp/@amzn/aws-paddy-nav-widget/1/iFrame.html?packageName=%40amzn%2Faws-paddy-nav-widget&majorVersion=1&versionId=799f514f-1ada-4460-9fbe-cadd87bb80c9:119
[  479225ms] [WARNING] Event does not contain a MessageChannel port, therefore unable to call postMessage with errorType: INVALID_REQUEST @ https://global.console.aws.amazon.com/lotus/csp/@amzn/awsconsole-concierge-search-lotus/2/iFrame.html?versionId=18:119
[  658498ms] [WARNING] Event does not contain a MessageChannel port, therefore unable to call postMessage with errorType: INVALID_REQUEST @ https://global.console.aws.amazon.com/lotus/csp/@amzn/aws-paddy-nav-widget/1/iFrame.html?packageName=%40amzn%2Faws-paddy-nav-widget&majorVersion=1&versionId=799f514f-1ada-4460-9fbe-cadd87bb80c9:119
[  658498ms] [WARNING] Event does not contain a MessageChannel port, therefore unable to call postMessage with errorType: INVALID_REQUEST @ https://global.console.aws.amazon.com/lotus/csp/@amzn/aws-ccx-regions-availability/1/iFrame.html?packageName=%40amzn%2Faws-ccx-regions-availability&majorVersion=1&versionId=55236a86-c096-4dbc-b3f1-18f4f37c619a:119
[  658498ms] [WARNING] Event does not contain a MessageChannel port, therefore unable to call postMessage with errorType: INVALID_REQUEST @ https://global.console.aws.amazon.com/lotus/csp/@amzn/awsconsole-concierge-search-lotus/2/iFrame.html?versionId=18:119
[  693624ms] [WARNING] Event does not contain a MessageChannel port, therefore unable to call postMessage with errorType: INVALID_REQUEST @ https://global.console.aws.amazon.com/lotus/csp/@amzn/aws-paddy-nav-widget/1/iFrame.html?packageName=%40amzn%2Faws-paddy-nav-widget&majorVersion=1&versionId=799f514f-1ada-4460-9fbe-cadd87bb80c9:119
[  693625ms] [WARNING] Event does not contain a MessageChannel port, therefore unable to call postMessage with errorType: INVALID_REQUEST @ https://global.console.aws.amazon.com/lotus/csp/@amzn/aws-ccx-regions-availability/1/iFrame.html?packageName=%40amzn%2Faws-ccx-regions-availability&majorVersion=1&versionId=55236a86-c096-4dbc-b3f1-18f4f37c619a:119
[  693625ms] [WARNING] Event does not contain a MessageChannel port, therefore unable to call postMessage with errorType: INVALID_REQUEST @ https://global.console.aws.amazon.com/lotus/csp/@amzn/awsconsole-concierge-search-lotus/2/iFrame.html?versionId=18:119
[  697234ms] [WARNING] Event does not contain a MessageChannel port, therefore unable to call postMessage with errorType: INVALID_REQUEST @ https://global.console.aws.amazon.com/lotus/csp/@amzn/aws-paddy-nav-widget/1/iFrame.html?packageName=%40amzn%2Faws-paddy-nav-widget&majorVersion=1&versionId=799f514f-1ada-4460-9fbe-cadd87bb80c9:119
[  697234ms] [WARNING] Event does not contain a MessageChannel port, therefore unable to call postMessage with errorType: INVALID_REQUEST @ https://global.console.aws.amazon.com/lotus/csp/@amzn/aws-ccx-regions-availability/1/iFrame.html?packageName=%40amzn%2Faws-ccx-regions-availability&majorVersion=1&versionId=55236a86-c096-4dbc-b3f1-18f4f37c619a:119
[  697234ms] [WARNING] Event does not contain a MessageChannel port, therefore unable to call postMessage with errorType: INVALID_REQUEST @ https://global.console.aws.amazon.com/lotus/csp/@amzn/awsconsole-concierge-search-lotus/2/iFrame.html?versionId=18:119
[  734941ms] [WARNING] Event does not contain a MessageChannel port, therefore unable to call postMessage with errorType: INVALID_REQUEST @ https://global.console.aws.amazon.com/lotus/csp/@amzn/aws-paddy-nav-widget/1/iFrame.html?packageName=%40amzn%2Faws-paddy-nav-widget&majorVersion=1&versionId=799f514f-1ada-4460-9fbe-cadd87bb80c9:119
[  734941ms] [WARNING] Event does not contain a MessageChannel port, therefore unable to call postMessage with errorType: INVALID_REQUEST @ https://global.console.aws.amazon.com/lotus/csp/@amzn/aws-ccx-regions-availability/1/iFrame.html?packageName=%40amzn%2Faws-ccx-regions-availability&majorVersion=1&versionId=55236a86-c096-4dbc-b3f1-18f4f37c619a:119
[  734941ms] [WARNING] Event does not contain a MessageChannel port, therefore unable to call postMessage with errorType: INVALID_REQUEST @ https://global.console.aws.amazon.com/lotus/csp/@amzn/awsconsole-concierge-search-lotus/2/iFrame.html?versionId=18:119
[  735803ms] [WARNING] [AwsUi] [app-layout-drawers] multiple app layout instances detected when calling onDrawersRegistered @ https://a.b.cdn.console.awsstatic.com/a/v1/EDPHJXO7Z2HRQ4B2JELDMROQWTBPST22WTWXVRT3QLK3MWNL5IOQ/module2.js:2
[  735803ms] [WARNING] [AwsUi] [app-layout-drawers] multiple app layout instances detected when calling onDrawerOpened @ https://a.b.cdn.console.awsstatic.com/a/v1/EDPHJXO7Z2HRQ4B2JELDMROQWTBPST22WTWXVRT3QLK3MWNL5IOQ/module2.js:2
[  735804ms] [WARNING] [AwsUi] [app-layout-drawers] multiple app layout instances detected when calling onDrawerClosed @ https://a.b.cdn.console.awsstatic.com/a/v1/EDPHJXO7Z2HRQ4B2JELDMROQWTBPST22WTWXVRT3QLK3MWNL5IOQ/module2.js:2
[  735804ms] [WARNING] [AwsUi] [app-layout-drawers] multiple app layout instances detected when calling onDrawerResize @ https://a.b.cdn.console.awsstatic.com/a/v1/EDPHJXO7Z2HRQ4B2JELDMROQWTBPST22WTWXVRT3QLK3MWNL5IOQ/module2.js:2
[  750009ms] [ERROR] Failed to load resource: the server responded with a status of 403 () @ https://a.b.cdn.console.awsstatic.com/a/v1/5QMIEUQ26SPGOJJ5KNYT6L3K73V55FSXY4SP5VYCUYGYC5BQVEQQ/undefined:0
[  789854ms] [WARNING] Found a `https://a.b.cdn.console.awsstatic.com/a/v1/VPNXSTV6GQMW6H6CZLAC6FS6XQ5EDYN6OX5FAZV7PY3NB3PX22IQ/main.js` that did not conform to the `Resolvers` contract.

This module is required to have the following exports:

discoverModuleByModuleId(moduleId: string): Promise<DiscoveredModule|undefined>
discoverModulesWithContributions(contributionId: string): Promise<DiscoveredModule[]>

Optionally, you may provide `getInitialMessages() => Promise<OutgoingMessage<unknown,unknown>[]>`
which will allow you to define messages that will be sent when the runtime becomes ready. @ https://a.b.cdn.console.awsstatic.com/a/v1/LNDM5KRVNXK5RVSGV4Q7TA5PDWB276UCPW3Z5CBWWI6YOLQ2NIHQ/prefetch.js:140
[  796477ms] [ERROR] Failed to load resource: the server responded with a status of 400 () @ https://sso.us-east-1.amazonaws.com/control/:0
[  796680ms] [ERROR] Failed to load resource: the server responded with a status of 400 (Bad Request) @ https://organizations.us-east-1.amazonaws.com/:0
[  981607ms] [ERROR] Failed to load resource: the server responded with a status of 400 () @ https://observabilityadmin.ap-southeast-1.amazonaws.com/ListTelemetryRules:0
[  987110ms] [WARNING] Event does not contain a MessageChannel port, therefore unable to call postMessage with errorType: INVALID_REQUEST @ https://global.console.aws.amazon.com/lotus/csp/@amzn/aws-paddy-nav-widget/1/iFrame.html?packageName=%40amzn%2Faws-paddy-nav-widget&majorVersion=1&versionId=799f514f-1ada-4460-9fbe-cadd87bb80c9:119
[  987110ms] [WARNING] Event does not contain a MessageChannel port, therefore unable to call postMessage with errorType: INVALID_REQUEST @ https://global.console.aws.amazon.com/lotus/csp/@amzn/awsconsole-concierge-search-lotus/2/iFrame.html?versionId=18:119
[ 1040267ms] [ERROR] Failed to load resource: the server responded with a status of 403 () @ https://a.b.cdn.console.awsstatic.com/a/v1/5QMIEUQ26SPGOJJ5KNYT6L3K73V55FSXY4SP5VYCUYGYC5BQVEQQ/undefined:0
[ 1107993ms] [ERROR] An error occurred while loading user preferences  @ https://a.b.cdn.console.awsstatic.com/a/v1/44VNFFUR6HAIU6VA2JEQE3VKQ3AYI3YXTJIQKTH57GBVZVNJ2EUQ/main.js:383
[ 1108757ms] [ERROR] Failed to load resource: the server responded with a status of 404 (Not Found) @ https://monitoring.ap-southeast-1.amazonaws.com/:0
[ 1176957ms] [WARNING] Event does not contain a MessageChannel port, therefore unable to call postMessage with errorType: INVALID_REQUEST @ https://global.console.aws.amazon.com/lotus/csp/@amzn/aws-ccx-regions-availability/1/iFrame.html?packageName=%40amzn%2Faws-ccx-regions-availability&majorVersion=1&versionId=55236a86-c096-4dbc-b3f1-18f4f37c619a:119
[ 1176957ms] [WARNING] Event does not contain a MessageChannel port, therefore unable to call postMessage with errorType: INVALID_REQUEST @ https://global.console.aws.amazon.com/lotus/csp/@amzn/aws-paddy-nav-widget/1/iFrame.html?packageName=%40amzn%2Faws-paddy-nav-widget&majorVersion=1&versionId=799f514f-1ada-4460-9fbe-cadd87bb80c9:119
[ 1176957ms] [WARNING] Event does not contain a MessageChannel port, therefore unable to call postMessage with errorType: INVALID_REQUEST @ https://global.console.aws.amazon.com/lotus/csp/@amzn/awsconsole-concierge-search-lotus/2/iFrame.html?versionId=18:119
[ 1178659ms] [WARNING] Event does not contain a MessageChannel port, therefore unable to call postMessage with errorType: INVALID_REQUEST @ https://global.console.aws.amazon.com/lotus/csp/@amzn/aws-ccx-regions-availability/1/iFrame.html?packageName=%40amzn%2Faws-ccx-regions-availability&majorVersion=1&versionId=55236a86-c096-4dbc-b3f1-18f4f37c619a:119
[ 1178659ms] [WARNING] Event does not contain a MessageChannel port, therefore unable to call postMessage with errorType: INVALID_REQUEST @ https://global.console.aws.amazon.com/lotus/csp/@amzn/aws-paddy-nav-widget/1/iFrame.html?packageName=%40amzn%2Faws-paddy-nav-widget&majorVersion=1&versionId=799f514f-1ada-4460-9fbe-cadd87bb80c9:119
[ 1178659ms] [WARNING] Event does not contain a MessageChannel port, therefore unable to call postMessage with errorType: INVALID_REQUEST @ https://global.console.aws.amazon.com/lotus/csp/@amzn/awsconsole-concierge-search-lotus/2/iFrame.html?versionId=18:119
[ 1180743ms] [ERROR] Failed to load resource: the server responded with a status of 400 () @ https://observabilityadmin.ap-southeast-1.amazonaws.com/ListTelemetryRules:0
[ 1215188ms] [WARNING] Found a `https://a.b.cdn.console.awsstatic.com/a/v1/VPNXSTV6GQMW6H6CZLAC6FS6XQ5EDYN6OX5FAZV7PY3NB3PX22IQ/main.js` that did not conform to the `Resolvers` contract.

This module is required to have the following exports:

discoverModuleByModuleId(moduleId: string): Promise<DiscoveredModule|undefined>
discoverModulesWithContributions(contributionId: string): Promise<DiscoveredModule[]>

Optionally, you may provide `getInitialMessages() => Promise<OutgoingMessage<unknown,unknown>[]>`
which will allow you to define messages that will be sent when the runtime becomes ready. @ https://a.b.cdn.console.awsstatic.com/a/v1/LNDM5KRVNXK5RVSGV4Q7TA5PDWB276UCPW3Z5CBWWI6YOLQ2NIHQ/prefetch.js:140
[ 1216833ms] [ERROR] Failed to load resource: the server responded with a status of 400 () @ https://sso.us-east-1.amazonaws.com/control/:0
[ 1217228ms] [ERROR] Failed to load resource: the server responded with a status of 400 (Bad Request) @ https://organizations.us-east-1.amazonaws.com/:0
[ 1304672ms] [ERROR] Failed to load resource: the server responded with a status of 403 () @ https://a.b.cdn.console.awsstatic.com/a/v1/JNONMQN2X5DNAUFUP3QDTOLXXK3JE6GEH2UIVWYGHWROPJVQE7GQ/undefined:0
